c:\users\maxime\documents\visual studio 2015\projects\golfier_maxime_poo\golfier_maxime_poo\debug\tp_golfier_maxime.pch
c:\users\maxime\documents\visual studio 2015\projects\golfier_maxime_poo\golfier_maxime_poo\debug\vc140.pdb
c:\users\maxime\documents\visual studio 2015\projects\golfier_maxime_poo\golfier_maxime_poo\debug\vc140.idb
c:\users\maxime\documents\visual studio 2015\projects\golfier_maxime_poo\golfier_maxime_poo\debug\stdafx.obj
c:\users\maxime\documents\visual studio 2015\projects\golfier_maxime_poo\golfier_maxime_poo\debug\negoacheteur.obj
c:\users\maxime\documents\visual studio 2015\projects\golfier_maxime_poo\golfier_maxime_poo\debug\negociateur.obj
c:\users\maxime\documents\visual studio 2015\projects\golfier_maxime_poo\golfier_maxime_poo\debug\negociation.obj
c:\users\maxime\documents\visual studio 2015\projects\golfier_maxime_poo\golfier_maxime_poo\debug\negovendeur.obj
c:\users\maxime\documents\visual studio 2015\projects\golfier_maxime_poo\golfier_maxime_poo\debug\nouvobjet.obj
c:\users\maxime\documents\visual studio 2015\projects\golfier_maxime_poo\golfier_maxime_poo\debug\palmares.obj
c:\users\maxime\documents\visual studio 2015\projects\golfier_maxime_poo\golfier_maxime_poo\debug\parcours.obj
c:\users\maxime\documents\visual studio 2015\projects\golfier_maxime_poo\golfier_maxime_poo\debug\periode.obj
c:\users\maxime\documents\visual studio 2015\projects\golfier_maxime_poo\golfier_maxime_poo\debug\personne.obj
c:\users\maxime\documents\visual studio 2015\projects\golfier_maxime_poo\golfier_maxime_poo\debug\reglement.obj
c:\users\maxime\documents\visual studio 2015\projects\golfier_maxime_poo\golfier_maxime_poo\debug\rencontre.obj
c:\users\maxime\documents\visual studio 2015\projects\golfier_maxime_poo\golfier_maxime_poo\debug\resultat.obj
c:\users\maxime\documents\visual studio 2015\projects\golfier_maxime_poo\golfier_maxime_poo\debug\rupture.obj
c:\users\maxime\documents\visual studio 2015\projects\golfier_maxime_poo\golfier_maxime_poo\debug\sauvegarde.obj
c:\users\maxime\documents\visual studio 2015\projects\golfier_maxime_poo\golfier_maxime_poo\debug\sportif.obj
c:\users\maxime\documents\visual studio 2015\projects\golfier_maxime_poo\golfier_maxime_poo\debug\stade.obj
c:\users\maxime\documents\visual studio 2015\projects\golfier_maxime_poo\golfier_maxime_poo\debug\main.obj
c:\users\maxime\documents\visual studio 2015\projects\golfier_maxime_poo\golfier_maxime_poo\debug\thread.obj
c:\users\maxime\documents\visual studio 2015\projects\golfier_maxime_poo\golfier_maxime_poo\debug\timer.obj
c:\users\maxime\documents\visual studio 2015\projects\golfier_maxime_poo\golfier_maxime_poo\debug\titregagne.obj
c:\users\maxime\documents\visual studio 2015\projects\golfier_maxime_poo\golfier_maxime_poo\debug\affichage.obj
c:\users\maxime\documents\visual studio 2015\projects\golfier_maxime_poo\golfier_maxime_poo\debug\arbitre.obj
c:\users\maxime\documents\visual studio 2015\projects\golfier_maxime_poo\golfier_maxime_poo\debug\autonome.obj
c:\users\maxime\documents\visual studio 2015\projects\golfier_maxime_poo\golfier_maxime_poo\debug\calendrier.obj
c:\users\maxime\documents\visual studio 2015\projects\golfier_maxime_poo\golfier_maxime_poo\debug\chargement.obj
c:\users\maxime\documents\visual studio 2015\projects\golfier_maxime_poo\golfier_maxime_poo\debug\club.obj
c:\users\maxime\documents\visual studio 2015\projects\golfier_maxime_poo\golfier_maxime_poo\debug\contrat.obj
c:\users\maxime\documents\visual studio 2015\projects\golfier_maxime_poo\golfier_maxime_poo\debug\date.obj
c:\users\maxime\documents\visual studio 2015\projects\golfier_maxime_poo\golfier_maxime_poo\debug\entraineur.obj
c:\users\maxime\documents\visual studio 2015\projects\golfier_maxime_poo\golfier_maxime_poo\debug\equipe.obj
c:\users\maxime\documents\visual studio 2015\projects\golfier_maxime_poo\golfier_maxime_poo\debug\heteronome.obj
c:\users\maxime\documents\visual studio 2015\projects\golfier_maxime_poo\golfier_maxime_poo\debug\joueur.obj
c:\users\maxime\documents\visual studio 2015\projects\golfier_maxime_poo\golfier_maxime_poo\debug\joueurcontract.obj
c:\users\maxime\documents\visual studio 2015\projects\golfier_maxime_poo\golfier_maxime_poo\debug\liguesoccer.obj
c:\users\maxime\documents\visual studio 2015\projects\golfier_maxime_poo\golfier_maxime_poo\debug\match.obj
c:\users\maxime\documents\visual studio 2015\projects\golfier_maxime_poo\debug\tp_golfier_maxime.pdb
c:\users\maxime\documents\visual studio 2015\projects\golfier_maxime_poo\debug\tp_golfier_maxime.exe
c:\users\maxime\documents\visual studio 2015\projects\golfier_maxime_poo\debug\tp_golfier_maxime.ilk
c:\users\maxime\documents\visual studio 2015\projects\golfier_maxime_poo\golfier_maxime_poo\debug\tp_golfi.50b6f46c.tlog\cl.command.1.tlog
c:\users\maxime\documents\visual studio 2015\projects\golfier_maxime_poo\golfier_maxime_poo\debug\tp_golfi.50b6f46c.tlog\cl.read.1.tlog
c:\users\maxime\documents\visual studio 2015\projects\golfier_maxime_poo\golfier_maxime_poo\debug\tp_golfi.50b6f46c.tlog\cl.write.1.tlog
c:\users\maxime\documents\visual studio 2015\projects\golfier_maxime_poo\golfier_maxime_poo\debug\tp_golfi.50b6f46c.tlog\link.command.1.tlog
c:\users\maxime\documents\visual studio 2015\projects\golfier_maxime_poo\golfier_maxime_poo\debug\tp_golfi.50b6f46c.tlog\link.read.1.tlog
c:\users\maxime\documents\visual studio 2015\projects\golfier_maxime_poo\golfier_maxime_poo\debug\tp_golfi.50b6f46c.tlog\link.write.1.tlog
